<?xml version="1.0" encoding="UTF-8"?>
<!-- Generated by org.testng.reporters.JUnitXMLReporter -->
<testsuite hostname="DESKTOP-HRM2BI9" ignored="0" name="Command line test" tests="15" failures="0" timestamp="2020-09-12T22:30:37 EDT" time="91.908" errors="0">
  <testcase name="@BeforeMethod setUp" time="6.076" classname="com.hrms.testbase.BaseClass">
    <failure type="java.lang.NullPointerException" message="null value in entry: url=null">
      <![CDATA[java.lang.NullPointerException: null value in entry: url=null
at com.google.common.collect.CollectPreconditions.checkEntryNotNull(CollectPreconditions.java:32)
at com.google.common.collect.SingletonImmutableBiMap.<init>(SingletonImmutableBiMap.java:42)
at com.google.common.collect.ImmutableBiMap.of(ImmutableBiMap.java:72)
at com.google.common.collect.ImmutableMap.of(ImmutableMap.java:124)
at org.openqa.selenium.remote.RemoteWebDriver.get(RemoteWebDriver.java:277)
at com.hrms.testbase.BaseClass.setUp(BaseClass.java:40)
at java.util.ArrayList.forEach(ArrayList.java:1259)
... Removed 41 stack frames]]>
    </failure>
  </testcase> <!-- @BeforeMethod setUp -->
  <testcase name="@BeforeMethod setUp" time="5.374" classname="com.hrms.testbase.BaseClass">
    <failure type="java.lang.NullPointerException" message="null value in entry: url=null">
      <![CDATA[java.lang.NullPointerException: null value in entry: url=null
at com.google.common.collect.CollectPreconditions.checkEntryNotNull(CollectPreconditions.java:32)
at com.google.common.collect.SingletonImmutableBiMap.<init>(SingletonImmutableBiMap.java:42)
at com.google.common.collect.ImmutableBiMap.of(ImmutableBiMap.java:72)
at com.google.common.collect.ImmutableMap.of(ImmutableMap.java:124)
at org.openqa.selenium.remote.RemoteWebDriver.get(RemoteWebDriver.java:277)
at com.hrms.testbase.BaseClass.setUp(BaseClass.java:40)
at java.util.ArrayList.forEach(ArrayList.java:1259)
... Removed 41 stack frames]]>
    </failure>
  </testcase> <!-- @BeforeMethod setUp -->
  <testcase name="@BeforeMethod setUp" time="5.348" classname="com.hrms.testbase.BaseClass">
    <failure type="java.lang.NullPointerException" message="null value in entry: url=null">
      <![CDATA[java.lang.NullPointerException: null value in entry: url=null
at com.google.common.collect.CollectPreconditions.checkEntryNotNull(CollectPreconditions.java:32)
at com.google.common.collect.SingletonImmutableBiMap.<init>(SingletonImmutableBiMap.java:42)
at com.google.common.collect.ImmutableBiMap.of(ImmutableBiMap.java:72)
at com.google.common.collect.ImmutableMap.of(ImmutableMap.java:124)
at org.openqa.selenium.remote.RemoteWebDriver.get(RemoteWebDriver.java:277)
at com.hrms.testbase.BaseClass.setUp(BaseClass.java:40)
at java.util.ArrayList.forEach(ArrayList.java:1259)
... Removed 41 stack frames]]>
    </failure>
  </testcase> <!-- @BeforeMethod setUp -->
  <testcase name="@BeforeMethod setUp" time="5.351" classname="com.hrms.testbase.BaseClass">
    <failure type="java.lang.NullPointerException" message="null value in entry: url=null">
      <![CDATA[java.lang.NullPointerException: null value in entry: url=null
at com.google.common.collect.CollectPreconditions.checkEntryNotNull(CollectPreconditions.java:32)
at com.google.common.collect.SingletonImmutableBiMap.<init>(SingletonImmutableBiMap.java:42)
at com.google.common.collect.ImmutableBiMap.of(ImmutableBiMap.java:72)
at com.google.common.collect.ImmutableMap.of(ImmutableMap.java:124)
at org.openqa.selenium.remote.RemoteWebDriver.get(RemoteWebDriver.java:277)
at com.hrms.testbase.BaseClass.setUp(BaseClass.java:40)
at java.util.ArrayList.forEach(ArrayList.java:1259)
... Removed 41 stack frames]]>
    </failure>
  </testcase> <!-- @BeforeMethod setUp -->
  <testcase name="@BeforeMethod setUp" time="5.374" classname="com.hrms.testbase.BaseClass">
    <failure type="java.lang.NullPointerException" message="null value in entry: url=null">
      <![CDATA[java.lang.NullPointerException: null value in entry: url=null
at com.google.common.collect.CollectPreconditions.checkEntryNotNull(CollectPreconditions.java:32)
at com.google.common.collect.SingletonImmutableBiMap.<init>(SingletonImmutableBiMap.java:42)
at com.google.common.collect.ImmutableBiMap.of(ImmutableBiMap.java:72)
at com.google.common.collect.ImmutableMap.of(ImmutableMap.java:124)
at org.openqa.selenium.remote.RemoteWebDriver.get(RemoteWebDriver.java:277)
at com.hrms.testbase.BaseClass.setUp(BaseClass.java:40)
at java.util.ArrayList.forEach(ArrayList.java:1259)
... Removed 41 stack frames]]>
    </failure>
  </testcase> <!-- @BeforeMethod setUp -->
  <testcase name="@BeforeMethod setUp" time="5.341" classname="com.hrms.testbase.BaseClass">
    <failure type="java.lang.NullPointerException" message="null value in entry: url=null">
      <![CDATA[java.lang.NullPointerException: null value in entry: url=null
at com.google.common.collect.CollectPreconditions.checkEntryNotNull(CollectPreconditions.java:32)
at com.google.common.collect.SingletonImmutableBiMap.<init>(SingletonImmutableBiMap.java:42)
at com.google.common.collect.ImmutableBiMap.of(ImmutableBiMap.java:72)
at com.google.common.collect.ImmutableMap.of(ImmutableMap.java:124)
at org.openqa.selenium.remote.RemoteWebDriver.get(RemoteWebDriver.java:277)
at com.hrms.testbase.BaseClass.setUp(BaseClass.java:40)
at java.util.ArrayList.forEach(ArrayList.java:1259)
... Removed 41 stack frames]]>
    </failure>
  </testcase> <!-- @BeforeMethod setUp -->
  <testcase name="@BeforeMethod setUp" time="5.406" classname="com.hrms.testbase.BaseClass">
    <failure type="java.lang.NullPointerException" message="null value in entry: url=null">
      <![CDATA[java.lang.NullPointerException: null value in entry: url=null
at com.google.common.collect.CollectPreconditions.checkEntryNotNull(CollectPreconditions.java:32)
at com.google.common.collect.SingletonImmutableBiMap.<init>(SingletonImmutableBiMap.java:42)
at com.google.common.collect.ImmutableBiMap.of(ImmutableBiMap.java:72)
at com.google.common.collect.ImmutableMap.of(ImmutableMap.java:124)
at org.openqa.selenium.remote.RemoteWebDriver.get(RemoteWebDriver.java:277)
at com.hrms.testbase.BaseClass.setUp(BaseClass.java:40)
at java.util.ArrayList.forEach(ArrayList.java:1259)
... Removed 41 stack frames]]>
    </failure>
  </testcase> <!-- @BeforeMethod setUp -->
  <testcase name="@BeforeMethod setUp" time="5.319" classname="com.hrms.testbase.BaseClass">
    <failure type="java.lang.NullPointerException" message="null value in entry: url=null">
      <![CDATA[java.lang.NullPointerException: null value in entry: url=null
at com.google.common.collect.CollectPreconditions.checkEntryNotNull(CollectPreconditions.java:32)
at com.google.common.collect.SingletonImmutableBiMap.<init>(SingletonImmutableBiMap.java:42)
at com.google.common.collect.ImmutableBiMap.of(ImmutableBiMap.java:72)
at com.google.common.collect.ImmutableMap.of(ImmutableMap.java:124)
at org.openqa.selenium.remote.RemoteWebDriver.get(RemoteWebDriver.java:277)
at com.hrms.testbase.BaseClass.setUp(BaseClass.java:40)
at java.util.ArrayList.forEach(ArrayList.java:1259)
... Removed 41 stack frames]]>
    </failure>
  </testcase> <!-- @BeforeMethod setUp -->
  <testcase name="@BeforeMethod setUp" time="5.322" classname="com.hrms.testbase.BaseClass">
    <failure type="java.lang.NullPointerException" message="null value in entry: url=null">
      <![CDATA[java.lang.NullPointerException: null value in entry: url=null
at com.google.common.collect.CollectPreconditions.checkEntryNotNull(CollectPreconditions.java:32)
at com.google.common.collect.SingletonImmutableBiMap.<init>(SingletonImmutableBiMap.java:42)
at com.google.common.collect.ImmutableBiMap.of(ImmutableBiMap.java:72)
at com.google.common.collect.ImmutableMap.of(ImmutableMap.java:124)
at org.openqa.selenium.remote.RemoteWebDriver.get(RemoteWebDriver.java:277)
at com.hrms.testbase.BaseClass.setUp(BaseClass.java:40)
at java.util.ArrayList.forEach(ArrayList.java:1259)
... Removed 41 stack frames]]>
    </failure>
  </testcase> <!-- @BeforeMethod setUp -->
  <testcase name="@BeforeMethod setUp" time="5.29" classname="com.hrms.testbase.BaseClass">
    <failure type="java.lang.NullPointerException" message="null value in entry: url=null">
      <![CDATA[java.lang.NullPointerException: null value in entry: url=null
at com.google.common.collect.CollectPreconditions.checkEntryNotNull(CollectPreconditions.java:32)
at com.google.common.collect.SingletonImmutableBiMap.<init>(SingletonImmutableBiMap.java:42)
at com.google.common.collect.ImmutableBiMap.of(ImmutableBiMap.java:72)
at com.google.common.collect.ImmutableMap.of(ImmutableMap.java:124)
at org.openqa.selenium.remote.RemoteWebDriver.get(RemoteWebDriver.java:277)
at com.hrms.testbase.BaseClass.setUp(BaseClass.java:40)
at java.util.ArrayList.forEach(ArrayList.java:1259)
... Removed 41 stack frames]]>
    </failure>
  </testcase> <!-- @BeforeMethod setUp -->
  <testcase name="@BeforeMethod setUp" time="5.334" classname="com.hrms.testbase.BaseClass">
    <failure type="java.lang.NullPointerException" message="null value in entry: url=null">
      <![CDATA[java.lang.NullPointerException: null value in entry: url=null
at com.google.common.collect.CollectPreconditions.checkEntryNotNull(CollectPreconditions.java:32)
at com.google.common.collect.SingletonImmutableBiMap.<init>(SingletonImmutableBiMap.java:42)
at com.google.common.collect.ImmutableBiMap.of(ImmutableBiMap.java:72)
at com.google.common.collect.ImmutableMap.of(ImmutableMap.java:124)
at org.openqa.selenium.remote.RemoteWebDriver.get(RemoteWebDriver.java:277)
at com.hrms.testbase.BaseClass.setUp(BaseClass.java:40)
at java.util.ArrayList.forEach(ArrayList.java:1259)
... Removed 41 stack frames]]>
    </failure>
  </testcase> <!-- @BeforeMethod setUp -->
  <testcase name="@BeforeMethod setUp" time="5.304" classname="com.hrms.testbase.BaseClass">
    <failure type="java.lang.NullPointerException" message="null value in entry: url=null">
      <![CDATA[java.lang.NullPointerException: null value in entry: url=null
at com.google.common.collect.CollectPreconditions.checkEntryNotNull(CollectPreconditions.java:32)
at com.google.common.collect.SingletonImmutableBiMap.<init>(SingletonImmutableBiMap.java:42)
at com.google.common.collect.ImmutableBiMap.of(ImmutableBiMap.java:72)
at com.google.common.collect.ImmutableMap.of(ImmutableMap.java:124)
at org.openqa.selenium.remote.RemoteWebDriver.get(RemoteWebDriver.java:277)
at com.hrms.testbase.BaseClass.setUp(BaseClass.java:40)
at java.util.ArrayList.forEach(ArrayList.java:1259)
... Removed 41 stack frames]]>
    </failure>
  </testcase> <!-- @BeforeMethod setUp -->
  <testcase name="@BeforeMethod setUp" time="5.306" classname="com.hrms.testbase.BaseClass">
    <failure type="java.lang.NullPointerException" message="null value in entry: url=null">
      <![CDATA[java.lang.NullPointerException: null value in entry: url=null
at com.google.common.collect.CollectPreconditions.checkEntryNotNull(CollectPreconditions.java:32)
at com.google.common.collect.SingletonImmutableBiMap.<init>(SingletonImmutableBiMap.java:42)
at com.google.common.collect.ImmutableBiMap.of(ImmutableBiMap.java:72)
at com.google.common.collect.ImmutableMap.of(ImmutableMap.java:124)
at org.openqa.selenium.remote.RemoteWebDriver.get(RemoteWebDriver.java:277)
at com.hrms.testbase.BaseClass.setUp(BaseClass.java:40)
at java.util.ArrayList.forEach(ArrayList.java:1259)
... Removed 41 stack frames]]>
    </failure>
  </testcase> <!-- @BeforeMethod setUp -->
  <testcase name="@BeforeMethod setUp" time="5.332" classname="com.hrms.testbase.BaseClass">
    <failure type="java.lang.NullPointerException" message="null value in entry: url=null">
      <![CDATA[java.lang.NullPointerException: null value in entry: url=null
at com.google.common.collect.CollectPreconditions.checkEntryNotNull(CollectPreconditions.java:32)
at com.google.common.collect.SingletonImmutableBiMap.<init>(SingletonImmutableBiMap.java:42)
at com.google.common.collect.ImmutableBiMap.of(ImmutableBiMap.java:72)
at com.google.common.collect.ImmutableMap.of(ImmutableMap.java:124)
at org.openqa.selenium.remote.RemoteWebDriver.get(RemoteWebDriver.java:277)
at com.hrms.testbase.BaseClass.setUp(BaseClass.java:40)
at java.util.ArrayList.forEach(ArrayList.java:1259)
... Removed 41 stack frames]]>
    </failure>
  </testcase> <!-- @BeforeMethod setUp -->
  <testcase name="@BeforeMethod setUp" time="5.304" classname="com.hrms.testbase.BaseClass">
    <failure type="java.lang.NullPointerException" message="null value in entry: url=null">
      <![CDATA[java.lang.NullPointerException: null value in entry: url=null
at com.google.common.collect.CollectPreconditions.checkEntryNotNull(CollectPreconditions.java:32)
at com.google.common.collect.SingletonImmutableBiMap.<init>(SingletonImmutableBiMap.java:42)
at com.google.common.collect.ImmutableBiMap.of(ImmutableBiMap.java:72)
at com.google.common.collect.ImmutableMap.of(ImmutableMap.java:124)
at org.openqa.selenium.remote.RemoteWebDriver.get(RemoteWebDriver.java:277)
at com.hrms.testbase.BaseClass.setUp(BaseClass.java:40)
at java.util.ArrayList.forEach(ArrayList.java:1259)
... Removed 41 stack frames]]>
    </failure>
  </testcase> <!-- @BeforeMethod setUp -->
  <testcase name="addEmployee" time="0.0" classname="com.hrms.testbase.AddEmployeeTest">
    <skipped/>
  </testcase> <!-- addEmployee -->
  <testcase name="addEmployee" time="0.0" classname="com.hrms.testbase.AddEmployeeTest">
    <skipped/>
  </testcase> <!-- addEmployee -->
  <testcase name="addEmployee" time="0.0" classname="com.hrms.testbase.AddEmployeeTest">
    <skipped/>
  </testcase> <!-- addEmployee -->
  <testcase name="addEmployee" time="0.0" classname="com.hrms.testbase.AddEmployeeTest">
    <skipped/>
  </testcase> <!-- addEmployee -->
  <testcase name="addEmployee" time="0.0" classname="com.hrms.testbase.AddEmployeeTest">
    <skipped/>
  </testcase> <!-- addEmployee -->
  <testcase name="addEmployee" time="0.0" classname="com.hrms.testcases.AddEployeeTest">
    <skipped/>
  </testcase> <!-- addEmployee -->
  <testcase name="addEmployee" time="0.0" classname="com.hrms.testcases.AddEployeeTest">
    <skipped/>
  </testcase> <!-- addEmployee -->
  <testcase name="addEmployee" time="0.0" classname="com.hrms.testcases.AddEployeeTest">
    <skipped/>
  </testcase> <!-- addEmployee -->
  <testcase name="addEmployee" time="0.0" classname="com.hrms.testcases.AddEployeeTest">
    <skipped/>
  </testcase> <!-- addEmployee -->
  <testcase name="addEmployee" time="0.0" classname="com.hrms.testcases.AddEployeeTest">
    <skipped/>
  </testcase> <!-- addEmployee -->
  <testcase name="addMultipleEmployees" time="0.0" classname="com.hrms.testcases.AddEployeeTest">
    <skipped/>
  </testcase> <!-- addMultipleEmployees -->
  <testcase name="invalidLogin" time="0.0" classname="com.hrms.testcases.LoginTest">
    <skipped/>
  </testcase> <!-- invalidLogin -->
  <testcase name="invalidLogin" time="0.0" classname="com.hrms.testcases.LoginTest">
    <skipped/>
  </testcase> <!-- invalidLogin -->
  <testcase name="invalidLogin" time="0.0" classname="com.hrms.testcases.LoginTest">
    <skipped/>
  </testcase> <!-- invalidLogin -->
  <testcase name="validLogin" time="0.0" classname="com.hrms.testcases.LoginTest">
    <skipped/>
  </testcase> <!-- validLogin -->
</testsuite> <!-- Command line test -->
