<?xml version="1.0" encoding="UTF-8"?>
<!-- Generated by org.testng.reporters.JUnitXMLReporter -->
<testsuite hostname="RomalLoptop" ignored="0" name="Default test" tests="3" failures="0" timestamp="2020-10-28T21:56:58 EDT" time="0.04" errors="0">
  <testcase name="hello" time="0.007" classname="com.syntax.TestNG1.TDDConcepts"/>
  <testcase name="tea" time="0.001" classname="com.syntax.TestNG1.TDDConcepts"/>
  <testcase name="welcome" time="0.001" classname="com.syntax.TestNG1.TDDConcepts"/>
</testsuite> <!-- Default test -->
