<?xml version="1.0" encoding="UTF-8"?>
<testng-results skipped="0" failed="0" ignored="0" total="3" passed="3">
  <reporter-output>
  </reporter-output>
  <suite name="Default suite" duration-ms="40" started-at="2020-10-28T21:56:58 EDT" finished-at="2020-10-28T21:56:58 EDT">
    <groups>
    </groups>
    <test name="Default test" duration-ms="40" started-at="2020-10-28T21:56:58 EDT" finished-at="2020-10-28T21:56:58 EDT">
      <class name="com.syntax.TestNG1.TDDConcepts">
        <test-method status="PASS" signature="hello()[pri:0, instance:com.syntax.TestNG1.TDDConcepts@5bc79255]" name="hello" duration-ms="7" started-at="2020-10-28T21:56:58 EDT" finished-at="2020-10-28T21:56:58 EDT">
          <reporter-output>
          </reporter-output>
        </test-method> <!-- hello -->
        <test-method status="PASS" signature="tea()[pri:0, instance:com.syntax.TestNG1.TDDConcepts@5bc79255]" name="tea" duration-ms="1" started-at="2020-10-28T21:56:58 EDT" finished-at="2020-10-28T21:56:58 EDT">
          <reporter-output>
          </reporter-output>
        </test-method> <!-- tea -->
        <test-method status="PASS" signature="welcome()[pri:0, instance:com.syntax.TestNG1.TDDConcepts@5bc79255]" name="welcome" duration-ms="1" started-at="2020-10-28T21:56:58 EDT" depends-on-methods="com.syntax.TestNG1.TDDConcepts.hello" finished-at="2020-10-28T21:56:58 EDT">
          <reporter-output>
          </reporter-output>
        </test-method> <!-- welcome -->
      </class> <!-- com.syntax.TestNG1.TDDConcepts -->
    </test> <!-- Default test -->
  </suite> <!-- Default suite -->
</testng-results>
